# JRE version: OpenJDK Runtime Environment (8.0_76-b03) (build 1.8.0_76-release-b03)
# Java VM: OpenJDK 64-Bit Server VM (25.76-b03 mixed mode windows-amd64 compressed oops)
Heap:
 PSYoungGen      total 440832K, used 42510K [0x00000000e0000000, 0x00000000ffb80000, 0x0000000100000000)
  eden space 367616K, 10% used [0x00000000e0000000,0x00000000e2591578,0x00000000f6700000)
  from space 73216K, 5% used [0x00000000f6700000,0x00000000f6af22d8,0x00000000fae80000)
  to   space 69120K, 0% used [0x00000000fb800000,0x00000000fb800000,0x00000000ffb80000)
 ParOldGen       total 306176K, used 40836K [0x00000000a0000000, 0x00000000b2b00000, 0x00000000e0000000)
  object space 306176K, 13% used [0x00000000a0000000,0x00000000a27e1228,0x00000000b2b00000)
 Metaspace       used 74566K, capacity 79678K, committed 80688K, reserved 1120256K
  class space    used 9117K, capacity 9726K, committed 10032K, reserved 1048576K
GC Heap History (10 events):
Event: 21045.734 GC heap before
{Heap before GC invocations=86 (full 24):
 PSYoungGen      total 416256K, used 3486K [0x00000000e0000000, 0x00000000fe900000, 0x0000000100000000)
  eden space 339968K, 0% used [0x00000000e0000000,0x00000000e0000000,0x00000000f4c00000)
  from space 76288K, 4% used [0x00000000f9e80000,0x00000000fa1e7b10,0x00000000fe900000)
  to   space 80384K, 0% used [0x00000000f4c00000,0x00000000f4c00000,0x00000000f9a80000)
 ParOldGen       total 306176K, used 38632K [0x00000000a0000000, 0x00000000b2b00000, 0x00000000e0000000)
  object space 306176K, 12% used [0x00000000a0000000,0x00000000a25ba3e8,0x00000000b2b00000)
 Metaspace       used 73496K, capacity 78166K, committed 80688K, reserved 1120256K
  class space    used 8930K, capacity 9492K, committed 10032K, reserved 1048576K
Event: 21045.925 GC heap after
Heap after GC invocations=86 (full 24):
 PSYoungGen      total 416256K, used 0K [0x00000000e0000000, 0x00000000fe900000, 0x0000000100000000)
  eden space 339968K, 0% used [0x00000000e0000000,0x00000000e0000000,0x00000000f4c00000)
  from space 76288K, 0% used [0x00000000f9e80000,0x00000000f9e80000,0x00000000fe900000)
  to   space 80384K, 0% used [0x00000000f4c00000,0x00000000f4c00000,0x00000000f9a80000)
 ParOldGen       total 306176K, used 40362K [0x00000000a0000000, 0x00000000b2b00000, 0x00000000e0000000)
  object space 306176K, 13% used [0x00000000a0000000,0x00000000a276a9f0,0x00000000b2b00000)
 Metaspace       used 73496K, capacity 78166K, committed 80688K, reserved 1120256K
  class space    used 8930K, capacity 9492K, committed 10032K, reserved 1048576K
}
Event: 21571.341 GC heap before
{Heap before GC invocations=87 (full 24):
 PSYoungGen      total 416256K, used 339968K [0x00000000e0000000, 0x00000000fe900000, 0x0000000100000000)
  eden space 339968K, 100% used [0x00000000e0000000,0x00000000f4c00000,0x00000000f4c00000)
  from space 76288K, 0% used [0x00000000f9e80000,0x00000000f9e80000,0x00000000fe900000)
  to   space 80384K, 0% used [0x00000000f4c00000,0x00000000f4c00000,0x00000000f9a80000)
 ParOldGen       total 306176K, used 40362K [0x00000000a0000000, 0x00000000b2b00000, 0x00000000e0000000)
  object space 306176K, 13% used [0x00000000a0000000,0x00000000a276a9f0,0x00000000b2b00000)
 Metaspace       used 73883K, capacity 78716K, committed 80688K, reserved 1120256K
  class space    used 9004K, capacity 9585K, committed 10032K, reserved 1048576K
Event: 21571.352 GC heap after
Heap after GC invocations=87 (full 24):
 PSYoungGen      total 420352K, used 3332K [0x00000000e0000000, 0x00000000ffd00000, 0x0000000100000000)
  eden space 339968K, 0% used [0x00000000e0000000,0x00000000e0000000,0x00000000f4c00000)
  from space 80384K, 4% used [0x00000000f4c00000,0x00000000f4f413f0,0x00000000f9a80000)
  to   space 76800K, 0% used [0x00000000fb200000,0x00000000fb200000,0x00000000ffd00000)
 ParOldGen       total 306176K, used 40370K [0x00000000a0000000, 0x00000000b2b00000, 0x00000000e0000000)
  object space 306176K, 13% used [0x00000000a0000000,0x00000000a276c9f0,0x00000000b2b00000)
 Metaspace       used 73883K, capacity 78716K, committed 80688K, reserved 1120256K
  class space    used 9004K, capacity 9585K, committed 10032K, reserved 1048576K
}
Event: 21572.483 GC heap before
{Heap before GC invocations=88 (full 24):
 PSYoungGen      total 420352K, used 291823K [0x00000000e0000000, 0x00000000ffd00000, 0x0000000100000000)
  eden space 339968K, 84% used [0x00000000e0000000,0x00000000f19bab00,0x00000000f4c00000)
  from space 80384K, 4% used [0x00000000f4c00000,0x00000000f4f413f0,0x00000000f9a80000)
  to   space 76800K, 0% used [0x00000000fb200000,0x00000000fb200000,0x00000000ffd00000)
 ParOldGen       total 306176K, used 40370K [0x00000000a0000000, 0x00000000b2b00000, 0x00000000e0000000)
  object space 306176K, 13% used [0x00000000a0000000,0x00000000a276c9f0,0x00000000b2b00000)
 Metaspace       used 74226K, capacity 79188K, committed 80688K, reserved 1120256K
  class space    used 9058K, capacity 9657K, committed 10032K, reserved 1048576K
Event: 21572.491 GC heap after
Heap after GC invocations=88 (full 24):
 PSYoungGen      total 437248K, used 2564K [0x00000000e0000000, 0x00000000ff600000, 0x0000000100000000)
  eden space 367616K, 0% used [0x00000000e0000000,0x00000000e0000000,0x00000000f6700000)
  from space 69632K, 3% used [0x00000000fb200000,0x00000000fb4813f0,0x00000000ff600000)
  to   space 73216K, 0% used [0x00000000f6700000,0x00000000f6700000,0x00000000fae80000)
 ParOldGen       total 306176K, used 40378K [0x00000000a0000000, 0x00000000b2b00000, 0x00000000e0000000)
  object space 306176K, 13% used [0x00000000a0000000,0x00000000a276e9f0,0x00000000b2b00000)
 Metaspace       used 74226K, capacity 79188K, committed 80688K, reserved 1120256K
  class space    used 9058K, capacity 9657K, committed 10032K, reserved 1048576K
}
Event: 21572.491 GC heap before
{Heap before GC invocations=89 (full 25):
 PSYoungGen      total 437248K, used 2564K [0x00000000e0000000, 0x00000000ff600000, 0x0000000100000000)
  eden space 367616K, 0% used [0x00000000e0000000,0x00000000e0000000,0x00000000f6700000)
  from space 69632K, 3% used [0x00000000fb200000,0x00000000fb4813f0,0x00000000ff600000)
  to   space 73216K, 0% used [0x00000000f6700000,0x00000000f6700000,0x00000000fae80000)
 ParOldGen       total 306176K, used 40378K [0x00000000a0000000, 0x00000000b2b00000, 0x00000000e0000000)
  object space 306176K, 13% used [0x00000000a0000000,0x00000000a276e9f0,0x00000000b2b00000)
 Metaspace       used 74226K, capacity 79188K, committed 80688K, reserved 1120256K
  class space    used 9058K, capacity 9657K, committed 10032K, reserved 1048576K
Event: 21572.636 GC heap after
Heap after GC invocations=89 (full 25):
 PSYoungGen      total 437248K, used 0K [0x00000000e0000000, 0x00000000ff600000, 0x0000000100000000)
  eden space 367616K, 0% used [0x00000000e0000000,0x00000000e0000000,0x00000000f6700000)
  from space 69632K, 0% used [0x00000000fb200000,0x00000000fb200000,0x00000000ff600000)
  to   space 73216K, 0% used [0x00000000f6700000,0x00000000f6700000,0x00000000fae80000)
 ParOldGen       total 306176K, used 40828K [0x00000000a0000000, 0x00000000b2b00000, 0x00000000e0000000)
  object space 306176K, 13% used [0x00000000a0000000,0x00000000a27df228,0x00000000b2b00000)
 Metaspace       used 74226K, capacity 79188K, committed 80688K, reserved 1120256K
  class space    used 9058K, capacity 9657K, committed 10032K, reserved 1048576K
}
Event: 21865.966 GC heap before
{Heap before GC invocations=90 (full 25):
 PSYoungGen      total 437248K, used 367616K [0x00000000e0000000, 0x00000000ff600000, 0x0000000100000000)
  eden space 367616K, 100% used [0x00000000e0000000,0x00000000f6700000,0x00000000f6700000)
  from space 69632K, 0% used [0x00000000fb200000,0x00000000fb200000,0x00000000ff600000)
  to   space 73216K, 0% used [0x00000000f6700000,0x00000000f6700000,0x00000000fae80000)
 ParOldGen       total 306176K, used 40828K [0x00000000a0000000, 0x00000000b2b00000, 0x00000000e0000000)
  object space 306176K, 13% used [0x00000000a0000000,0x00000000a27df228,0x00000000b2b00000)
 Metaspace       used 74539K, capacity 79636K, committed 80688K, reserved 1120256K
  class space    used 9113K, capacity 9719K, committed 10032K, reserved 1048576K
Event: 21865.978 GC heap after
Heap after GC invocations=90 (full 25):
 PSYoungGen      total 440832K, used 4040K [0x00000000e0000000, 0x00000000ffb80000, 0x0000000100000000)
  eden space 367616K, 0% used [0x00000000e0000000,0x00000000e0000000,0x00000000f6700000)
  from space 73216K, 5% used [0x00000000f6700000,0x00000000f6af22d8,0x00000000fae80000)
  to   space 69120K, 0% used [0x00000000fb800000,0x00000000fb800000,0x00000000ffb80000)
 ParOldGen       total 306176K, used 40836K [0x00000000a0000000, 0x00000000b2b00000, 0x00000000e0000000)
  object space 306176K, 13% used [0x00000000a0000000,0x00000000a27e1228,0x00000000b2b00000)
 Metaspace       used 74539K, capacity 79636K, committed 80688K, reserved 1120256K
  class space    used 9113K, capacity 9719K, committed 10032K, reserved 1048576K
}

