# JRE version: OpenJDK Runtime Environment (8.0_76-b03) (build 1.8.0_76-release-b03)
# Java VM: OpenJDK 64-Bit Server VM (25.76-b03 mixed mode windows-amd64 compressed oops)
Heap:
 PSYoungGen      total 448000K, used 198513K [0x00000000e0000000, 0x0000000100000000, 0x0000000100000000)
  eden space 374784K, 52% used [0x00000000e0000000,0x00000000ec1dc5f8,0x00000000f6e00000)
  from space 73216K, 0% used [0x00000000fb880000,0x00000000fb880000,0x0000000100000000)
  to   space 74752K, 0% used [0x00000000f6e00000,0x00000000f6e00000,0x00000000fb700000)
 ParOldGen       total 305664K, used 60457K [0x00000000a0000000, 0x00000000b2a80000, 0x00000000e0000000)
  object space 305664K, 19% used [0x00000000a0000000,0x00000000a3b0a660,0x00000000b2a80000)
 Metaspace       used 76860K, capacity 79734K, committed 80000K, reserved 1118208K
  class space    used 9663K, capacity 10338K, committed 10368K, reserved 1048576K
GC Heap History (10 events):
Event: 622.712 GC heap before
{Heap before GC invocations=40 (full 5):
 PSYoungGen      total 450560K, used 38722K [0x00000000e0000000, 0x0000000100000000, 0x0000000100000000)
  eden space 379904K, 0% used [0x00000000e0000000,0x00000000e0000000,0x00000000f7300000)
  from space 70656K, 54% used [0x00000000f7300000,0x00000000f98d0870,0x00000000fb800000)
  to   space 70144K, 0% used [0x00000000fbb80000,0x00000000fbb80000,0x0000000100000000)
 ParOldGen       total 291328K, used 277531K [0x00000000a0000000, 0x00000000b1c80000, 0x00000000e0000000)
  object space 291328K, 95% used [0x00000000a0000000,0x00000000b0f06cd8,0x00000000b1c80000)
 Metaspace       used 76496K, capacity 79350K, committed 79488K, reserved 1118208K
  class space    used 9642K, capacity 10316K, committed 10368K, reserved 1048576K
Event: 623.215 GC heap after
Heap after GC invocations=40 (full 5):
 PSYoungGen      total 450560K, used 0K [0x00000000e0000000, 0x0000000100000000, 0x0000000100000000)
  eden space 379904K, 0% used [0x00000000e0000000,0x00000000e0000000,0x00000000f7300000)
  from space 70656K, 0% used [0x00000000f7300000,0x00000000f7300000,0x00000000fb800000)
  to   space 70144K, 0% used [0x00000000fbb80000,0x00000000fbb80000,0x0000000100000000)
 ParOldGen       total 305664K, used 130191K [0x00000000a0000000, 0x00000000b2a80000, 0x00000000e0000000)
  object space 305664K, 42% used [0x00000000a0000000,0x00000000a7f23e18,0x00000000b2a80000)
 Metaspace       used 76496K, capacity 79350K, committed 79488K, reserved 1118208K
  class space    used 9642K, capacity 10316K, committed 10368K, reserved 1048576K
}
Event: 623.780 GC heap before
{Heap before GC invocations=41 (full 5):
 PSYoungGen      total 450560K, used 379904K [0x00000000e0000000, 0x0000000100000000, 0x0000000100000000)
  eden space 379904K, 100% used [0x00000000e0000000,0x00000000f7300000,0x00000000f7300000)
  from space 70656K, 0% used [0x00000000f7300000,0x00000000f7300000,0x00000000fb800000)
  to   space 70144K, 0% used [0x00000000fbb80000,0x00000000fbb80000,0x0000000100000000)
 ParOldGen       total 305664K, used 130191K [0x00000000a0000000, 0x00000000b2a80000, 0x00000000e0000000)
  object space 305664K, 42% used [0x00000000a0000000,0x00000000a7f23e18,0x00000000b2a80000)
 Metaspace       used 76496K, capacity 79350K, committed 79488K, reserved 1118208K
  class space    used 9642K, capacity 10316K, committed 10368K, reserved 1048576K
Event: 623.838 GC heap after
Heap after GC invocations=41 (full 5):
 PSYoungGen      total 441856K, used 58235K [0x00000000e0000000, 0x0000000100000000, 0x0000000100000000)
  eden space 371712K, 0% used [0x00000000e0000000,0x00000000e0000000,0x00000000f6b00000)
  from space 70144K, 83% used [0x00000000fbb80000,0x00000000ff45ed58,0x0000000100000000)
  to   space 76288K, 0% used [0x00000000f6b00000,0x00000000f6b00000,0x00000000fb580000)
 ParOldGen       total 305664K, used 130191K [0x00000000a0000000, 0x00000000b2a80000, 0x00000000e0000000)
  object space 305664K, 42% used [0x00000000a0000000,0x00000000a7f23e18,0x00000000b2a80000)
 Metaspace       used 76496K, capacity 79350K, committed 79488K, reserved 1118208K
  class space    used 9642K, capacity 10316K, committed 10368K, reserved 1048576K
}
Event: 624.714 GC heap before
{Heap before GC invocations=42 (full 5):
 PSYoungGen      total 441856K, used 429739K [0x00000000e0000000, 0x0000000100000000, 0x0000000100000000)
  eden space 371712K, 99% used [0x00000000e0000000,0x00000000f6acc000,0x00000000f6b00000)
  from space 70144K, 83% used [0x00000000fbb80000,0x00000000ff45ed58,0x0000000100000000)
  to   space 76288K, 0% used [0x00000000f6b00000,0x00000000f6b00000,0x00000000fb580000)
 ParOldGen       total 305664K, used 130191K [0x00000000a0000000, 0x00000000b2a80000, 0x00000000e0000000)
  object space 305664K, 42% used [0x00000000a0000000,0x00000000a7f23e18,0x00000000b2a80000)
 Metaspace       used 76535K, capacity 79350K, committed 79488K, reserved 1118208K
  class space    used 9643K, capacity 10316K, committed 10368K, reserved 1048576K
Event: 624.753 GC heap after
Heap after GC invocations=42 (full 5):
 PSYoungGen      total 448000K, used 26292K [0x00000000e0000000, 0x0000000100000000, 0x0000000100000000)
  eden space 371712K, 0% used [0x00000000e0000000,0x00000000e0000000,0x00000000f6b00000)
  from space 76288K, 34% used [0x00000000f6b00000,0x00000000f84ad070,0x00000000fb580000)
  to   space 73216K, 0% used [0x00000000fb880000,0x00000000fb880000,0x0000000100000000)
 ParOldGen       total 305664K, used 157254K [0x00000000a0000000, 0x00000000b2a80000, 0x00000000e0000000)
  object space 305664K, 51% used [0x00000000a0000000,0x00000000a9991810,0x00000000b2a80000)
 Metaspace       used 76535K, capacity 79350K, committed 79488K, reserved 1118208K
  class space    used 9643K, capacity 10316K, committed 10368K, reserved 1048576K
}
Event: 624.949 GC heap before
{Heap before GC invocations=43 (full 5):
 PSYoungGen      total 448000K, used 350508K [0x00000000e0000000, 0x0000000100000000, 0x0000000100000000)
  eden space 371712K, 87% used [0x00000000e0000000,0x00000000f3c9e1f8,0x00000000f6b00000)
  from space 76288K, 34% used [0x00000000f6b00000,0x00000000f84ad070,0x00000000fb580000)
  to   space 73216K, 0% used [0x00000000fb880000,0x00000000fb880000,0x0000000100000000)
 ParOldGen       total 305664K, used 157254K [0x00000000a0000000, 0x00000000b2a80000, 0x00000000e0000000)
  object space 305664K, 51% used [0x00000000a0000000,0x00000000a9991810,0x00000000b2a80000)
 Metaspace       used 76543K, capacity 79350K, committed 79488K, reserved 1118208K
  class space    used 9643K, capacity 10316K, committed 10368K, reserved 1048576K
Event: 624.966 GC heap after
Heap after GC invocations=43 (full 5):
 PSYoungGen      total 448000K, used 160K [0x00000000e0000000, 0x0000000100000000, 0x0000000100000000)
  eden space 374784K, 0% used [0x00000000e0000000,0x00000000e0000000,0x00000000f6e00000)
  from space 73216K, 0% used [0x00000000fb880000,0x00000000fb8a8000,0x0000000100000000)
  to   space 74752K, 0% used [0x00000000f6e00000,0x00000000f6e00000,0x00000000fb700000)
 ParOldGen       total 305664K, used 175432K [0x00000000a0000000, 0x00000000b2a80000, 0x00000000e0000000)
  object space 305664K, 57% used [0x00000000a0000000,0x00000000aab520c0,0x00000000b2a80000)
 Metaspace       used 76543K, capacity 79350K, committed 79488K, reserved 1118208K
  class space    used 9643K, capacity 10316K, committed 10368K, reserved 1048576K
}
Event: 624.966 GC heap before
{Heap before GC invocations=44 (full 6):
 PSYoungGen      total 448000K, used 160K [0x00000000e0000000, 0x0000000100000000, 0x0000000100000000)
  eden space 374784K, 0% used [0x00000000e0000000,0x00000000e0000000,0x00000000f6e00000)
  from space 73216K, 0% used [0x00000000fb880000,0x00000000fb8a8000,0x0000000100000000)
  to   space 74752K, 0% used [0x00000000f6e00000,0x00000000f6e00000,0x00000000fb700000)
 ParOldGen       total 305664K, used 175432K [0x00000000a0000000, 0x00000000b2a80000, 0x00000000e0000000)
  object space 305664K, 57% used [0x00000000a0000000,0x00000000aab520c0,0x00000000b2a80000)
 Metaspace       used 76543K, capacity 79350K, committed 79488K, reserved 1118208K
  class space    used 9643K, capacity 10316K, committed 10368K, reserved 1048576K
Event: 625.387 GC heap after
Heap after GC invocations=44 (full 6):
 PSYoungGen      total 448000K, used 0K [0x00000000e0000000, 0x0000000100000000, 0x0000000100000000)
  eden space 374784K, 0% used [0x00000000e0000000,0x00000000e0000000,0x00000000f6e00000)
  from space 73216K, 0% used [0x00000000fb880000,0x00000000fb880000,0x0000000100000000)
  to   space 74752K, 0% used [0x00000000f6e00000,0x00000000f6e00000,0x00000000fb700000)
 ParOldGen       total 305664K, used 60457K [0x00000000a0000000, 0x00000000b2a80000, 0x00000000e0000000)
  object space 305664K, 19% used [0x00000000a0000000,0x00000000a3b0a660,0x00000000b2a80000)
 Metaspace       used 76543K, capacity 79350K, committed 79488K, reserved 1118208K
  class space    used 9643K, capacity 10316K, committed 10368K, reserved 1048576K
}

